  Building 'ForteVisorKernelApi' with toolset 'WindowsKernelModeDriver10.0' and the 'Universal' target platform.
  Assembling ..\ForteVisorApi\sandbox_handler.asm...
  Assembling vmmcall.asm...
  forte_api_kernel.cpp
C:\Program Files\Microsoft Visual Studio\2022\Community\VC\Tools\MSVC\14.34.31933\include\vcruntime.h(61,26): warning C4083: expected ')'; found identifier '_VCRUNTIME_DISABLED_WARNINGS'
C:\Program Files\Microsoft Visual Studio\2022\Community\VC\Tools\MSVC\14.34.31933\include\vcruntime.h(111,1): warning C4005: '_CRT_STRINGIZE': macro redefinition
C:\Program Files (x86)\Windows Kits\10\Include\10.0.22621.0\km\crt\crtdefs.h(85,1): message : see previous definition of '_CRT_STRINGIZE'
C:\Program Files\Microsoft Visual Studio\2022\Community\VC\Tools\MSVC\14.34.31933\include\vcruntime.h(114,1): warning C4005: '_CRT_WIDE': macro redefinition
C:\Program Files (x86)\Windows Kits\10\Include\10.0.22621.0\km\crt\crtdefs.h(88,1): message : see previous definition of '_CRT_WIDE'
C:\Program Files\Microsoft Visual Studio\2022\Community\VC\Tools\MSVC\14.34.31933\include\vcruntime.h(155,1): warning C4005: '__CRTDECL': macro redefinition
C:\Program Files (x86)\Windows Kits\10\Include\10.0.22621.0\km\crt\crtdefs.h(640,1): message : see previous definition of '__CRTDECL'
C:\Program Files\Microsoft Visual Studio\2022\Community\VC\Tools\MSVC\14.34.31933\include\stdint.h(16,26): warning C4083: expected ')'; found identifier '_VCRUNTIME_DISABLED_WARNINGS'
C:\Users\hualu\Documents\GitHub\ForteVisor\ForteVisorKernelApi\forte_api_kernel.cpp(18,34): warning C4996: 'ExAllocatePool': ExAllocatePool is deprecated, use ExAllocatePool2.
C:\Users\hualu\Documents\GitHub\ForteVisor\ForteVisorKernelApi\forte_api_kernel.cpp(103,13): warning C4100: 'params': unreferenced formal parameter
  pch.cpp
  utils.cpp
C:\Program Files\Microsoft Visual Studio\2022\Community\VC\Tools\MSVC\14.34.31933\include\vcruntime.h(61,26): warning C4083: expected ')'; found identifier '_VCRUNTIME_DISABLED_WARNINGS'
C:\Program Files\Microsoft Visual Studio\2022\Community\VC\Tools\MSVC\14.34.31933\include\vcruntime.h(111,1): warning C4005: '_CRT_STRINGIZE': macro redefinition
C:\Program Files (x86)\Windows Kits\10\Include\10.0.22621.0\km\crt\crtdefs.h(85,1): message : see previous definition of '_CRT_STRINGIZE'
C:\Program Files\Microsoft Visual Studio\2022\Community\VC\Tools\MSVC\14.34.31933\include\vcruntime.h(114,1): warning C4005: '_CRT_WIDE': macro redefinition
C:\Program Files (x86)\Windows Kits\10\Include\10.0.22621.0\km\crt\crtdefs.h(88,1): message : see previous definition of '_CRT_WIDE'
C:\Program Files\Microsoft Visual Studio\2022\Community\VC\Tools\MSVC\14.34.31933\include\vcruntime.h(155,1): warning C4005: '__CRTDECL': macro redefinition
C:\Program Files (x86)\Windows Kits\10\Include\10.0.22621.0\km\crt\crtdefs.h(640,1): message : see previous definition of '__CRTDECL'
C:\Program Files\Microsoft Visual Studio\2022\Community\VC\Tools\MSVC\14.34.31933\include\stdint.h(16,26): warning C4083: expected ')'; found identifier '_VCRUNTIME_DISABLED_WARNINGS'
C:\Users\hualu\Documents\GitHub\ForteVisor\ForteVisorKernelApi\utils.cpp(30,32): warning C4018: '<': signed/unsigned mismatch
  Generating Code...
  ForteVisorKernelApi.vcxproj -> C:\Users\hualu\Documents\GitHub\ForteVisor\x64\Release\ForteVisorKernelApi.lib
