c:\users\cppco\source\repos\fortevisor\amd-hypervisor\x64\debug\vc143.pdb
c:\users\cppco\source\repos\fortevisor\amd-hypervisor\x64\debug\vmexit.obj
c:\users\cppco\source\repos\fortevisor\amd-hypervisor\x64\debug\prepare_vm.obj
c:\users\cppco\source\repos\fortevisor\amd-hypervisor\x64\debug\utils.obj
c:\users\cppco\source\repos\fortevisor\amd-hypervisor\x64\debug\npt.obj
c:\users\cppco\source\repos\fortevisor\amd-hypervisor\x64\debug\npt_hook.obj
c:\users\cppco\source\repos\fortevisor\amd-hypervisor\x64\debug\paging_utils.obj
c:\users\cppco\source\repos\fortevisor\amd-hypervisor\x64\debug\itlb_hook.obj
c:\users\cppco\source\repos\fortevisor\amd-hypervisor\x64\debug\logging.obj
c:\users\cppco\source\repos\fortevisor\amd-hypervisor\x64\debug\main.obj
c:\users\cppco\source\repos\fortevisor\amd-hypervisor\x64\debug\hypervisor.obj
c:\users\cppco\source\repos\fortevisor\amd-hypervisor\x64\debug\disassembly.obj
c:\users\cppco\source\repos\fortevisor\x64\debug\amd-hypervisor.sys
c:\users\cppco\source\repos\fortevisor\x64\debug\amd-hypervisor.pdb
c:\users\cppco\source\repos\fortevisor\amd-hypervisor\x64\debug\instructions.obj
c:\users\cppco\source\repos\fortevisor\amd-hypervisor\x64\debug\vm_launch.obj
c:\users\cppco\source\repos\fortevisor\amd-hypervisor\x64\debug\amd-hypervisor.tlog\cl.command.1.tlog
c:\users\cppco\source\repos\fortevisor\amd-hypervisor\x64\debug\amd-hypervisor.tlog\cl.read.1.tlog
c:\users\cppco\source\repos\fortevisor\amd-hypervisor\x64\debug\amd-hypervisor.tlog\cl.write.1.tlog
c:\users\cppco\source\repos\fortevisor\amd-hypervisor\x64\debug\amd-hypervisor.tlog\link.command.1.tlog
c:\users\cppco\source\repos\fortevisor\amd-hypervisor\x64\debug\amd-hypervisor.tlog\link.read.1.tlog
c:\users\cppco\source\repos\fortevisor\amd-hypervisor\x64\debug\amd-hypervisor.tlog\link.write.1.tlog
c:\users\cppco\source\repos\fortevisor\amd-hypervisor\x64\debug\amd-hypervisor.tlog\masm.read.1u.tlog
c:\users\cppco\source\repos\fortevisor\amd-hypervisor\x64\debug\amd-hypervisor.tlog\masm.write.1u.tlog
