c:\users\lolxd\source\repos\amd-hypervisor\amd-hypervisor\x64\release\vc142.pdb
c:\users\lolxd\source\repos\amd-hypervisor\amd-hypervisor\x64\release\prepare_vm.obj
c:\users\lolxd\source\repos\amd-hypervisor\amd-hypervisor\x64\release\utils.obj
c:\users\lolxd\source\repos\amd-hypervisor\amd-hypervisor\x64\release\npt.obj
c:\users\lolxd\source\repos\amd-hypervisor\amd-hypervisor\x64\release\npt_hook.obj
c:\users\lolxd\source\repos\amd-hypervisor\amd-hypervisor\x64\release\mem_prot_key.obj
c:\users\lolxd\source\repos\amd-hypervisor\amd-hypervisor\x64\release\itlb_hook.obj
c:\users\lolxd\source\repos\amd-hypervisor\amd-hypervisor\x64\release\logging.obj
c:\users\lolxd\source\repos\amd-hypervisor\amd-hypervisor\x64\release\main.obj
c:\users\lolxd\source\repos\amd-hypervisor\amd-hypervisor\x64\release\hypervisor.obj
c:\users\lolxd\source\repos\amd-hypervisor\amd-hypervisor\x64\release\instructions.obj
c:\users\lolxd\source\repos\amd-hypervisor\amd-hypervisor\x64\release\vm_launch.obj
c:\users\lolxd\source\repos\amd-hypervisor\amd-hypervisor\x64\release\amd-hypervisor.inf
c:\users\lolxd\source\repos\amd-hypervisor\x64\release\amd-hypervisor.inf
c:\users\lolxd\source\repos\amd-hypervisor\amd-hypervisor\x64\release\amd-hypervisor.tlog\cl.command.1.tlog
c:\users\lolxd\source\repos\amd-hypervisor\amd-hypervisor\x64\release\amd-hypervisor.tlog\cl.read.1.tlog
c:\users\lolxd\source\repos\amd-hypervisor\amd-hypervisor\x64\release\amd-hypervisor.tlog\cl.write.1.tlog
c:\users\lolxd\source\repos\amd-hypervisor\amd-hypervisor\x64\release\amd-hypervisor.tlog\masm.read.1u.tlog
c:\users\lolxd\source\repos\amd-hypervisor\amd-hypervisor\x64\release\amd-hypervisor.tlog\masm.write.1u.tlog
c:\users\lolxd\source\repos\amd-hypervisor\amd-hypervisor\x64\release\amd-hypervisor.tlog\stampinf.command.1.tlog
c:\users\lolxd\source\repos\amd-hypervisor\amd-hypervisor\x64\release\amd-hypervisor.tlog\stampinf.read.1.tlog
c:\users\lolxd\source\repos\amd-hypervisor\amd-hypervisor\x64\release\amd-hypervisor.tlog\stampinf.write.1.tlog
